<?xml version="1.0" ?>
<coverage version="7.3.2" timestamp="1761863004291" lines-valid="199" lines-covered="141" line-rate="0.7085" branches-covered="0" branches-valid="0" branch-rate="0" complexity="0">
	<!-- Generated by coverage.py: https://coverage.readthedocs.io/en/7.3.2 -->
	<!-- Based on https://raw.githubusercontent.com/cobertura/web/master/htdocs/xml/coverage-04.dtd -->
	<sources>
		<source>/home/runner/work/HMCo/HMCo/services</source>
		<source>/home/runner/work/HMCo/HMCo/workflows</source>
	</sources>
	<packages>
		<package name="event-producer" line-rate="0.7085" branch-rate="0" complexity="0">
			<classes>
				<class name="event_producer.py" filename="event-producer/event_producer.py" complexity="0" line-rate="0.7085" branch-rate="0">
					<methods/>
					<lines>
						<line number="6" hits="1"/>
						<line number="7" hits="1"/>
						<line number="8" hits="1"/>
						<line number="9" hits="1"/>
						<line number="10" hits="1"/>
						<line number="11" hits="1"/>
						<line number="12" hits="1"/>
						<line number="13" hits="1"/>
						<line number="15" hits="1"/>
						<line number="16" hits="1"/>
						<line number="17" hits="1"/>
						<line number="18" hits="1"/>
						<line number="19" hits="0"/>
						<line number="20" hits="1"/>
						<line number="21" hits="1"/>
						<line number="22" hits="1"/>
						<line number="23" hits="1"/>
						<line number="24" hits="1"/>
						<line number="25" hits="1"/>
						<line number="26" hits="1"/>
						<line number="27" hits="1"/>
						<line number="29" hits="1"/>
						<line number="30" hits="1"/>
						<line number="33" hits="1"/>
						<line number="35" hits="1"/>
						<line number="36" hits="1"/>
						<line number="37" hits="1"/>
						<line number="38" hits="1"/>
						<line number="39" hits="1"/>
						<line number="40" hits="1"/>
						<line number="41" hits="1"/>
						<line number="42" hits="1"/>
						<line number="43" hits="1"/>
						<line number="44" hits="1"/>
						<line number="45" hits="1"/>
						<line number="46" hits="1"/>
						<line number="49" hits="1"/>
						<line number="51" hits="1"/>
						<line number="52" hits="1"/>
						<line number="53" hits="1"/>
						<line number="54" hits="1"/>
						<line number="55" hits="1"/>
						<line number="56" hits="1"/>
						<line number="57" hits="1"/>
						<line number="58" hits="1"/>
						<line number="59" hits="1"/>
						<line number="60" hits="1"/>
						<line number="61" hits="1"/>
						<line number="62" hits="1"/>
						<line number="63" hits="1"/>
						<line number="66" hits="1"/>
						<line number="67" hits="1"/>
						<line number="69" hits="1"/>
						<line number="70" hits="1"/>
						<line number="71" hits="1"/>
						<line number="72" hits="1"/>
						<line number="73" hits="1"/>
						<line number="74" hits="1"/>
						<line number="75" hits="1"/>
						<line number="77" hits="1"/>
						<line number="79" hits="0"/>
						<line number="82" hits="1"/>
						<line number="83" hits="1"/>
						<line number="85" hits="1"/>
						<line number="86" hits="1"/>
						<line number="87" hits="1"/>
						<line number="88" hits="1"/>
						<line number="89" hits="1"/>
						<line number="90" hits="1"/>
						<line number="91" hits="1"/>
						<line number="94" hits="1"/>
						<line number="95" hits="1"/>
						<line number="97" hits="1"/>
						<line number="98" hits="1"/>
						<line number="99" hits="1"/>
						<line number="100" hits="1"/>
						<line number="101" hits="1"/>
						<line number="102" hits="1"/>
						<line number="105" hits="1"/>
						<line number="106" hits="1"/>
						<line number="108" hits="1"/>
						<line number="109" hits="1"/>
						<line number="110" hits="1"/>
						<line number="111" hits="1"/>
						<line number="112" hits="1"/>
						<line number="113" hits="1"/>
						<line number="114" hits="1"/>
						<line number="115" hits="1"/>
						<line number="116" hits="1"/>
						<line number="117" hits="1"/>
						<line number="118" hits="1"/>
						<line number="121" hits="1"/>
						<line number="133" hits="1"/>
						<line number="159" hits="1"/>
						<line number="160" hits="1"/>
						<line number="161" hits="1"/>
						<line number="163" hits="1"/>
						<line number="169" hits="1"/>
						<line number="172" hits="1"/>
						<line number="184" hits="1"/>
						<line number="189" hits="1"/>
						<line number="190" hits="1"/>
						<line number="192" hits="1"/>
						<line number="193" hits="1"/>
						<line number="194" hits="1"/>
						<line number="195" hits="1"/>
						<line number="197" hits="1"/>
						<line number="198" hits="1"/>
						<line number="200" hits="1"/>
						<line number="201" hits="1"/>
						<line number="202" hits="0"/>
						<line number="203" hits="1"/>
						<line number="204" hits="0"/>
						<line number="205" hits="1"/>
						<line number="206" hits="0"/>
						<line number="207" hits="1"/>
						<line number="208" hits="0"/>
						<line number="209" hits="1"/>
						<line number="210" hits="0"/>
						<line number="211" hits="1"/>
						<line number="212" hits="0"/>
						<line number="214" hits="1"/>
						<line number="215" hits="0"/>
						<line number="218" hits="1"/>
						<line number="219" hits="1"/>
						<line number="221" hits="0"/>
						<line number="223" hits="1"/>
						<line number="224" hits="0"/>
						<line number="226" hits="1"/>
						<line number="229" hits="1"/>
						<line number="230" hits="0"/>
						<line number="232" hits="1"/>
						<line number="234" hits="1"/>
						<line number="241" hits="1"/>
						<line number="243" hits="0"/>
						<line number="244" hits="0"/>
						<line number="245" hits="0"/>
						<line number="247" hits="0"/>
						<line number="248" hits="0"/>
						<line number="250" hits="1"/>
						<line number="252" hits="1"/>
						<line number="261" hits="1"/>
						<line number="283" hits="0"/>
						<line number="294" hits="0"/>
						<line number="296" hits="1"/>
						<line number="317" hits="0"/>
						<line number="327" hits="0"/>
						<line number="329" hits="1"/>
						<line number="358" hits="0"/>
						<line number="372" hits="0"/>
						<line number="374" hits="1"/>
						<line number="399" hits="0"/>
						<line number="411" hits="0"/>
						<line number="413" hits="1"/>
						<line number="439" hits="1"/>
						<line number="448" hits="1"/>
						<line number="450" hits="1"/>
						<line number="464" hits="0"/>
						<line number="466" hits="1"/>
						<line number="482" hits="0"/>
						<line number="484" hits="1"/>
						<line number="486" hits="0"/>
						<line number="487" hits="0"/>
						<line number="488" hits="0"/>
						<line number="489" hits="0"/>
						<line number="492" hits="0"/>
						<line number="493" hits="0"/>
						<line number="495" hits="0"/>
						<line number="497" hits="0"/>
						<line number="503" hits="0"/>
						<line number="505" hits="0"/>
						<line number="506" hits="0"/>
						<line number="507" hits="0"/>
						<line number="508" hits="0"/>
						<line number="510" hits="1"/>
						<line number="517" hits="0"/>
						<line number="518" hits="0"/>
						<line number="520" hits="0"/>
						<line number="521" hits="0"/>
						<line number="522" hits="0"/>
						<line number="524" hits="1"/>
						<line number="526" hits="0"/>
						<line number="527" hits="0"/>
						<line number="529" hits="1"/>
						<line number="531" hits="0"/>
						<line number="536" hits="1"/>
						<line number="538" hits="0"/>
						<line number="540" hits="1"/>
						<line number="542" hits="0"/>
						<line number="546" hits="1"/>
						<line number="555" hits="0"/>
						<line number="559" hits="1"/>
						<line number="561" hits="0"/>
						<line number="562" hits="0"/>
						<line number="571" hits="0"/>
						<line number="573" hits="0"/>
						<line number="581" hits="0"/>
						<line number="593" hits="0"/>
						<line number="595" hits="0"/>
					</lines>
				</class>
			</classes>
		</package>
	</packages>
</coverage>
